  [1m[35m (2.8ms)[0m  [1m[34mSELECT "schema_migrations"."version" FROM "schema_migrations" ORDER BY "schema_migrations"."version" ASC[0m
  [1m[35m (1.5ms)[0m  [1m[34mSELECT "ar_internal_metadata"."value" FROM "ar_internal_metadata" WHERE "ar_internal_metadata"."key" = $1[0m  [["key", "environment"]]
  [1m[35m (0.3ms)[0m  [1m[34mSELECT "schema_migrations"."version" FROM "schema_migrations" ORDER BY "schema_migrations"."version" ASC[0m
  [1m[35m (0.2ms)[0m  [1m[34mSELECT "ar_internal_metadata"."value" FROM "ar_internal_metadata" WHERE "ar_internal_metadata"."key" = $1[0m  [["key", "environment"]]
  [1m[35m (0.2ms)[0m  [1m[34mSELECT "schema_migrations"."version" FROM "schema_migrations" ORDER BY "schema_migrations"."version" ASC[0m
  [1m[35m (0.2ms)[0m  [1m[34mSELECT "ar_internal_metadata"."value" FROM "ar_internal_metadata" WHERE "ar_internal_metadata"."key" = $1[0m  [["key", "environment"]]
  [1m[35mSQL (2.3ms)[0m  [1m[35mCREATE EXTENSION IF NOT EXISTS "plpgsql"[0m
  [1m[35m (25.6ms)[0m  [1m[35mDROP TABLE IF EXISTS "albums" CASCADE[0m
  [1m[35m (13.2ms)[0m  [1m[35mCREATE TABLE "albums" ("id" bigserial primary key, "artist_id" integer, "title" character varying, "created_at" timestamp, "updated_at" timestamp)[0m
  [1m[35m (2.8ms)[0m  [1m[35mDROP TABLE IF EXISTS "artists" CASCADE[0m
  [1m[35m (3.4ms)[0m  [1m[35mCREATE TABLE "artists" ("id" bigserial primary key, "name" character varying, "created_at" timestamp, "updated_at" timestamp)[0m
  [1m[35m (7.2ms)[0m  [1m[35mDROP TABLE IF EXISTS "genres" CASCADE[0m
  [1m[35m (4.3ms)[0m  [1m[35mCREATE TABLE "genres" ("id" bigserial primary key, "name" character varying, "created_at" timestamp, "updated_at" timestamp)[0m
  [1m[35m (2.4ms)[0m  [1m[35mDROP TABLE IF EXISTS "media_types" CASCADE[0m
  [1m[35m (3.6ms)[0m  [1m[35mCREATE TABLE "media_types" ("id" bigserial primary key, "name" character varying, "created_at" timestamp, "updated_at" timestamp)[0m
  [1m[35m (2.6ms)[0m  [1m[35mDROP TABLE IF EXISTS "playlists" CASCADE[0m
  [1m[35m (4.6ms)[0m  [1m[35mCREATE TABLE "playlists" ("id" bigserial primary key, "name" character varying, "created_at" timestamp, "updated_at" timestamp)[0m
  [1m[35m (2.2ms)[0m  [1m[35mDROP TABLE IF EXISTS "playlists_tracks" CASCADE[0m
  [1m[35m (2.9ms)[0m  [1m[35mCREATE TABLE "playlists_tracks" ("id" bigserial primary key, "playlist_id" integer, "track_id" integer)[0m
  [1m[35m (3.6ms)[0m  [1m[35mDROP TABLE IF EXISTS "tracks" CASCADE[0m
  [1m[35m (5.4ms)[0m  [1m[35mCREATE TABLE "tracks" ("id" bigserial primary key, "album_id" integer, "genre_id" integer, "media_type_id" integer, "name" character varying NOT NULL, "composer" character varying, "milliseconds" integer NOT NULL, "bytes" integer, "unit_price" decimal(10,2), "created_at" timestamp, "updated_at" timestamp)[0m
  [1m[35m (0.9ms)[0m  [1m[34mSELECT "schema_migrations"."version" FROM "schema_migrations" ORDER BY "schema_migrations"."version" ASC[0m
  [1m[36mActiveRecord::InternalMetadata Load (0.4ms)[0m  [1m[34mSELECT  "ar_internal_metadata".* FROM "ar_internal_metadata" WHERE "ar_internal_metadata"."key" = $1 LIMIT $2[0m  [["key", "environment"], ["LIMIT", 1]]
  [1m[35m (0.1ms)[0m  [1m[35mBEGIN[0m
  [1m[35m (0.1ms)[0m  [1m[35mCOMMIT[0m
  [1m[36mActiveRecord::InternalMetadata Load (0.2ms)[0m  [1m[34mSELECT  "ar_internal_metadata".* FROM "ar_internal_metadata" WHERE "ar_internal_metadata"."key" = $1 LIMIT $2[0m  [["key", "environment"], ["LIMIT", 1]]
  [1m[35m (0.1ms)[0m  [1m[35mBEGIN[0m
  [1m[35m (0.1ms)[0m  [1m[35mCOMMIT[0m
  [1m[35mSQL (1.7ms)[0m  [1m[35mCREATE EXTENSION IF NOT EXISTS "plpgsql"[0m
  [1m[35m (17.2ms)[0m  [1m[35mDROP TABLE IF EXISTS "albums" CASCADE[0m
  [1m[35m (17.9ms)[0m  [1m[35mCREATE TABLE "albums" ("id" bigserial primary key, "artist_id" integer, "title" character varying, "created_at" timestamp, "updated_at" timestamp)[0m
  [1m[35m (3.0ms)[0m  [1m[35mDROP TABLE IF EXISTS "artists" CASCADE[0m
  [1m[35m (4.3ms)[0m  [1m[35mCREATE TABLE "artists" ("id" bigserial primary key, "name" character varying, "created_at" timestamp, "updated_at" timestamp)[0m
  [1m[35m (10.8ms)[0m  [1m[35mDROP TABLE IF EXISTS "genres" CASCADE[0m
  [1m[35m (6.7ms)[0m  [1m[35mCREATE TABLE "genres" ("id" bigserial primary key, "name" character varying, "created_at" timestamp, "updated_at" timestamp)[0m
  [1m[35m (3.4ms)[0m  [1m[35mDROP TABLE IF EXISTS "media_types" CASCADE[0m
  [1m[35m (5.7ms)[0m  [1m[35mCREATE TABLE "media_types" ("id" bigserial primary key, "name" character varying, "created_at" timestamp, "updated_at" timestamp)[0m
  [1m[35m (3.5ms)[0m  [1m[35mDROP TABLE IF EXISTS "playlists" CASCADE[0m
  [1m[35m (5.3ms)[0m  [1m[35mCREATE TABLE "playlists" ("id" bigserial primary key, "name" character varying, "created_at" timestamp, "updated_at" timestamp)[0m
  [1m[35m (2.1ms)[0m  [1m[35mDROP TABLE IF EXISTS "playlists_tracks" CASCADE[0m
  [1m[35m (4.5ms)[0m  [1m[35mCREATE TABLE "playlists_tracks" ("id" bigserial primary key, "playlist_id" integer, "track_id" integer)[0m
  [1m[35m (2.8ms)[0m  [1m[35mDROP TABLE IF EXISTS "tracks" CASCADE[0m
  [1m[35m (6.2ms)[0m  [1m[35mCREATE TABLE "tracks" ("id" bigserial primary key, "album_id" integer, "genre_id" integer, "media_type_id" integer, "name" character varying NOT NULL, "composer" character varying, "milliseconds" integer NOT NULL, "bytes" integer, "unit_price" decimal(10,2), "created_at" timestamp, "updated_at" timestamp)[0m
  [1m[35m (2.3ms)[0m  [1m[34mSELECT "schema_migrations"."version" FROM "schema_migrations" ORDER BY "schema_migrations"."version" ASC[0m
  [1m[36mActiveRecord::InternalMetadata Load (1.4ms)[0m  [1m[34mSELECT  "ar_internal_metadata".* FROM "ar_internal_metadata" WHERE "ar_internal_metadata"."key" = $1 LIMIT $2[0m  [["key", "environment"], ["LIMIT", 1]]
  [1m[35m (0.1ms)[0m  [1m[35mBEGIN[0m
  [1m[35m (0.1ms)[0m  [1m[35mCOMMIT[0m
  [1m[36mActiveRecord::InternalMetadata Load (0.3ms)[0m  [1m[34mSELECT  "ar_internal_metadata".* FROM "ar_internal_metadata" WHERE "ar_internal_metadata"."key" = $1 LIMIT $2[0m  [["key", "environment"], ["LIMIT", 1]]
  [1m[35m (0.1ms)[0m  [1m[35mBEGIN[0m
  [1m[35m (0.1ms)[0m  [1m[35mCOMMIT[0m
  [1m[35m (0.8ms)[0m  [1m[34mSELECT "schema_migrations"."version" FROM "schema_migrations" ORDER BY "schema_migrations"."version" ASC[0m
  [1m[36mArtist Load (0.4ms)[0m  [1m[34mSELECT  "artists".* FROM "artists" LIMIT $1[0m  [["LIMIT", 11]]
  [1m[36mAlbum Load (0.5ms)[0m  [1m[34mSELECT  "albums".* FROM "albums" LIMIT $1[0m  [["LIMIT", 11]]
  [1m[36mAlbum Load (0.7ms)[0m  [1m[34mSELECT  "albums".* FROM "albums" WHERE "albums"."title" = $1 LIMIT $2[0m  [["title", "Vinicius De Moraes"], ["LIMIT", 1]]
  [1m[36mAlbum Load (0.6ms)[0m  [1m[34mSELECT  "albums".* FROM "albums" WHERE "albums"."title" = $1 LIMIT $2[0m  [["title", "Vinicius De Moraes"], ["LIMIT", 1]]
  [1m[36mTrack Load (5.1ms)[0m  [1m[34mSELECT  "tracks".* FROM "tracks" WHERE "tracks"."album_id" = $1 LIMIT $2[0m  [["album_id", 247], ["LIMIT", 11]]
  [1m[36mArtist Load (1.7ms)[0m  [1m[34mSELECT  "artists".* FROM "artists" WHERE "artists"."name" = $1 LIMIT $2[0m  [["name", "Philip Glass Ensemble"], ["LIMIT", 1]]
  [1m[36mAlbum Load (0.2ms)[0m  [1m[34mSELECT  "albums".* FROM "albums" WHERE "albums"."artist_id" = $1 LIMIT $2[0m  [["artist_id", 275], ["LIMIT", 11]]
  [1m[36mPlaylist Load (2.4ms)[0m  [1m[34mSELECT  "playlists".* FROM "playlists" WHERE "playlists"."name" = $1 LIMIT $2[0m  [["name", "Brazilian Music"], ["LIMIT", 1]]
  [1m[36mTrack Load (9.1ms)[0m  [1m[34mSELECT  "tracks".* FROM "tracks" INNER JOIN "playlists_tracks" ON "tracks"."id" = "playlists_tracks"."track_id" WHERE "playlists_tracks"."playlist_id" = $1 LIMIT $2[0m  [["playlist_id", 11], ["LIMIT", 11]]
  [1m[36mGenre Load (2.6ms)[0m  [1m[34mSELECT  "genres".* FROM "genres" WHERE "genres"."name" = $1 LIMIT $2[0m  [["name", "Jazz"], ["LIMIT", 1]]
  [1m[36mTrack Load (0.3ms)[0m  [1m[34mSELECT  "tracks".* FROM "tracks" WHERE "tracks"."genre_id" = $1 LIMIT $2[0m  [["genre_id", 2], ["LIMIT", 11]]
  [1m[36mTrack Load (0.6ms)[0m  [1m[34mSELECT  "tracks".* FROM "tracks" WHERE "tracks"."name" = $1 LIMIT $2[0m  [["name", "My Time After Awhile"], ["LIMIT", 1]]
  [1m[36mGenre Load (2.0ms)[0m  [1m[34mSELECT  "genres".* FROM "genres" WHERE "genres"."id" = $1 LIMIT $2[0m  [["id", 6], ["LIMIT", 1]]
  [1m[36mMediaType Load (3.2ms)[0m  [1m[34mSELECT  "media_types".* FROM "media_types" LIMIT $1[0m  [["LIMIT", 11]]
  [1m[36mMediaType Exists (0.5ms)[0m  [1m[34mSELECT  1 AS one FROM "media_types" LIMIT $1[0m  [["LIMIT", 1]]
  [1m[36mMediaType Load (0.3ms)[0m  [1m[34mSELECT "media_types".* FROM "media_types"[0m
  [1m[36mTrack Exists (0.6ms)[0m  [1m[34mSELECT  1 AS one FROM "tracks" LIMIT $1[0m  [["LIMIT", 1]]
  [1m[36mTrack Load (15.4ms)[0m  [1m[34mSELECT "tracks".* FROM "tracks"[0m
  [1m[36mTrack Load (0.6ms)[0m  [1m[34mSELECT  "tracks".* FROM "tracks" WHERE "tracks"."name" = $1 LIMIT $2[0m  [["name", "My Time After Awhile"], ["LIMIT", 1]]
  [1m[36mTrack Load (0.6ms)[0m  [1m[34mSELECT  "tracks".* FROM "tracks" WHERE "tracks"."name" = $1 LIMIT $2[0m  [["name", "My Time After Awhile"], ["LIMIT", 1]]
  [1m[36mMediaType Load (1.9ms)[0m  [1m[34mSELECT  "media_types".* FROM "media_types" WHERE "media_types"."id" = $1 LIMIT $2[0m  [["id", 1], ["LIMIT", 1]]
  [1m[36mTrack Load (0.5ms)[0m  [1m[34mSELECT  "tracks".* FROM "tracks" WHERE "tracks"."name" = $1 LIMIT $2[0m  [["name", "My Time After Awhile"], ["LIMIT", 1]]
  [1m[36mAlbum Load (1.9ms)[0m  [1m[34mSELECT  "albums".* FROM "albums" WHERE "albums"."id" = $1 LIMIT $2[0m  [["id", 20], ["LIMIT", 1]]
  [1m[36mArtist Load (2.3ms)[0m  [1m[34mSELECT  "artists".* FROM "artists" ORDER BY "artists"."id" DESC LIMIT $1[0m  [["LIMIT", 1]]
  [1m[35m (1.2ms)[0m  [1m[34mSELECT pg_try_advisory_lock(1434522066555925830);[0m
  [1m[35m (2.5ms)[0m  [1m[34mSELECT "schema_migrations"."version" FROM "schema_migrations" ORDER BY "schema_migrations"."version" ASC[0m
Migrating to ChangeArtist (20170807172405)
  [1m[35m (5.5ms)[0m  [1m[35mBEGIN[0m
  [1m[35m (14.4ms)[0m  [1m[35mALTER TABLE "artists" ADD "media_types_id" bigint[0m
  [1m[35m (13.7ms)[0m  [1m[35mCREATE  INDEX  "index_artists_on_media_types_id" ON "artists"  ("media_types_id")[0m
  [1m[35m (0.6ms)[0m  [1m[35mALTER TABLE "artists" ADD "track_id" bigint[0m
  [1m[35m (1.0ms)[0m  [1m[35mCREATE  INDEX  "index_artists_on_track_id" ON "artists"  ("track_id")[0m
  [1m[35mSQL (4.0ms)[0m  [1m[32mINSERT INTO "schema_migrations" ("version") VALUES ($1) RETURNING "version"[0m  [["version", "20170807172405"]]
  [1m[35m (1.6ms)[0m  [1m[35mCOMMIT[0m
  [1m[36mActiveRecord::InternalMetadata Load (2.2ms)[0m  [1m[34mSELECT  "ar_internal_metadata".* FROM "ar_internal_metadata" WHERE "ar_internal_metadata"."key" = $1 LIMIT $2[0m  [["key", "environment"], ["LIMIT", 1]]
  [1m[35m (0.2ms)[0m  [1m[35mBEGIN[0m
  [1m[35m (0.2ms)[0m  [1m[35mCOMMIT[0m
  [1m[35m (0.2ms)[0m  [1m[34mSELECT pg_advisory_unlock(1434522066555925830)[0m
  [1m[35m (0.4ms)[0m  [1m[34mSELECT "schema_migrations"."version" FROM "schema_migrations" ORDER BY "schema_migrations"."version" ASC[0m
  [1m[36mArtist Load (0.5ms)[0m  [1m[34mSELECT  "artists".* FROM "artists" ORDER BY "artists"."id" DESC LIMIT $1[0m  [["LIMIT", 1]]
  [1m[36mArtist Load (0.5ms)[0m  [1m[34mSELECT  "artists".* FROM "artists" ORDER BY "artists"."id" DESC LIMIT $1[0m  [["LIMIT", 1]]
  [1m[36mArtist Load (0.5ms)[0m  [1m[34mSELECT  "artists".* FROM "artists" ORDER BY "artists"."id" DESC LIMIT $1[0m  [["LIMIT", 1]]
  [1m[36mArtist Load (0.5ms)[0m  [1m[34mSELECT  "artists".* FROM "artists" ORDER BY "artists"."id" DESC LIMIT $1[0m  [["LIMIT", 1]]
  [1m[36mTrack Exists (1.4ms)[0m  [1m[34mSELECT  1 AS one FROM "tracks" INNER JOIN "albums" ON "tracks"."album_id" = "albums"."id" WHERE "albums"."artist_id" = $1 LIMIT $2[0m  [["artist_id", 275], ["LIMIT", 1]]
  [1m[36mTrack Load (1.3ms)[0m  [1m[34mSELECT "tracks".* FROM "tracks" INNER JOIN "albums" ON "tracks"."album_id" = "albums"."id" WHERE "albums"."artist_id" = $1[0m  [["artist_id", 275]]
  [1m[35m (0.4ms)[0m  [1m[34mSELECT pg_try_advisory_lock(1434522066555925830);[0m
  [1m[35m (0.6ms)[0m  [1m[34mSELECT "schema_migrations"."version" FROM "schema_migrations" ORDER BY "schema_migrations"."version" ASC[0m
Migrating to RemoveColumnArtist (20170807173139)
  [1m[35m (0.1ms)[0m  [1m[35mBEGIN[0m
  [1m[35m (7.9ms)[0m  [1m[35mALTER TABLE "artists" DROP "media_types_id"[0m
  [1m[35m (0.6ms)[0m  [1m[35mALTER TABLE "artists" DROP "tracks_id"[0m
  [1m[35m (0.1ms)[0m  [1m[31mROLLBACK[0m
  [1m[35m (0.2ms)[0m  [1m[34mSELECT pg_advisory_unlock(1434522066555925830)[0m
  [1m[35m (0.2ms)[0m  [1m[34mSELECT pg_try_advisory_lock(1434522066555925830);[0m
  [1m[35m (0.7ms)[0m  [1m[34mSELECT "schema_migrations"."version" FROM "schema_migrations" ORDER BY "schema_migrations"."version" ASC[0m
Migrating to RemoveColumnArtist (20170807173139)
  [1m[35m (0.1ms)[0m  [1m[35mBEGIN[0m
  [1m[35m (0.9ms)[0m  [1m[35mALTER TABLE "artists" DROP "media_types_id"[0m
  [1m[35m (0.5ms)[0m  [1m[35mALTER TABLE "artists" DROP "tracks_id"[0m
  [1m[35m (0.1ms)[0m  [1m[31mROLLBACK[0m
  [1m[35m (0.2ms)[0m  [1m[34mSELECT pg_advisory_unlock(1434522066555925830)[0m
  [1m[35m (0.7ms)[0m  [1m[34mSELECT "schema_migrations"."version" FROM "schema_migrations" ORDER BY "schema_migrations"."version" ASC[0m
  [1m[35m (0.3ms)[0m  [1m[34mSELECT "ar_internal_metadata"."value" FROM "ar_internal_metadata" WHERE "ar_internal_metadata"."key" = $1[0m  [["key", "environment"]]
  [1m[35m (0.4ms)[0m  [1m[34mSELECT "schema_migrations"."version" FROM "schema_migrations" ORDER BY "schema_migrations"."version" ASC[0m
  [1m[35m (0.2ms)[0m  [1m[34mSELECT "ar_internal_metadata"."value" FROM "ar_internal_metadata" WHERE "ar_internal_metadata"."key" = $1[0m  [["key", "environment"]]
  [1m[35m (0.2ms)[0m  [1m[34mSELECT "schema_migrations"."version" FROM "schema_migrations" ORDER BY "schema_migrations"."version" ASC[0m
  [1m[35m (0.1ms)[0m  [1m[34mSELECT "ar_internal_metadata"."value" FROM "ar_internal_metadata" WHERE "ar_internal_metadata"."key" = $1[0m  [["key", "environment"]]
  [1m[35m (8111.5ms)[0m  [1m[35mDROP DATABASE IF EXISTS "chinook_development"[0m
  [1m[35m (0.7ms)[0m  [1m[34mSELECT "schema_migrations"."version" FROM "schema_migrations" ORDER BY "schema_migrations"."version" ASC[0m
  [1m[35m (0.3ms)[0m  [1m[34mSELECT "ar_internal_metadata"."value" FROM "ar_internal_metadata" WHERE "ar_internal_metadata"."key" = $1[0m  [["key", "environment"]]
  [1m[35m (0.2ms)[0m  [1m[34mSELECT "schema_migrations"."version" FROM "schema_migrations" ORDER BY "schema_migrations"."version" ASC[0m
  [1m[35m (0.1ms)[0m  [1m[34mSELECT "ar_internal_metadata"."value" FROM "ar_internal_metadata" WHERE "ar_internal_metadata"."key" = $1[0m  [["key", "environment"]]
  [1m[35m (0.2ms)[0m  [1m[34mSELECT "schema_migrations"."version" FROM "schema_migrations" ORDER BY "schema_migrations"."version" ASC[0m
  [1m[35m (0.1ms)[0m  [1m[34mSELECT "ar_internal_metadata"."value" FROM "ar_internal_metadata" WHERE "ar_internal_metadata"."key" = $1[0m  [["key", "environment"]]
  [1m[35mSQL (1.5ms)[0m  [1m[35mCREATE EXTENSION IF NOT EXISTS "plpgsql"[0m
  [1m[35m (5.7ms)[0m  [1m[35mDROP TABLE IF EXISTS "albums" CASCADE[0m
  [1m[35m (13.3ms)[0m  [1m[35mCREATE TABLE "albums" ("id" bigserial primary key, "artist_id" integer, "title" character varying, "created_at" timestamp, "updated_at" timestamp)[0m
  [1m[35m (2.2ms)[0m  [1m[35mDROP TABLE IF EXISTS "artists" CASCADE[0m
  [1m[35m (4.9ms)[0m  [1m[35mCREATE TABLE "artists" ("id" bigserial primary key, "name" character varying, "created_at" timestamp, "updated_at" timestamp, "media_types_id" bigint, "track_id" bigint)[0m
  [1m[35m (1.8ms)[0m  [1m[35mCREATE  INDEX  "index_artists_on_media_types_id" ON "artists"  ("media_types_id")[0m
  [1m[35m (1.3ms)[0m  [1m[35mCREATE  INDEX  "index_artists_on_track_id" ON "artists"  ("track_id")[0m
  [1m[35m (1.6ms)[0m  [1m[35mDROP TABLE IF EXISTS "genres" CASCADE[0m
  [1m[35m (2.7ms)[0m  [1m[35mCREATE TABLE "genres" ("id" bigserial primary key, "name" character varying, "created_at" timestamp, "updated_at" timestamp)[0m
  [1m[35m (1.8ms)[0m  [1m[35mDROP TABLE IF EXISTS "media_types" CASCADE[0m
  [1m[35m (4.6ms)[0m  [1m[35mCREATE TABLE "media_types" ("id" bigserial primary key, "name" character varying, "created_at" timestamp, "updated_at" timestamp)[0m
  [1m[35m (2.3ms)[0m  [1m[35mDROP TABLE IF EXISTS "playlists" CASCADE[0m
  [1m[35m (4.3ms)[0m  [1m[35mCREATE TABLE "playlists" ("id" bigserial primary key, "name" character varying, "created_at" timestamp, "updated_at" timestamp)[0m
  [1m[35m (2.1ms)[0m  [1m[35mDROP TABLE IF EXISTS "playlists_tracks" CASCADE[0m
  [1m[35m (3.1ms)[0m  [1m[35mCREATE TABLE "playlists_tracks" ("id" bigserial primary key, "playlist_id" integer, "track_id" integer)[0m
  [1m[35m (2.4ms)[0m  [1m[35mDROP TABLE IF EXISTS "tracks" CASCADE[0m
  [1m[35m (5.7ms)[0m  [1m[35mCREATE TABLE "tracks" ("id" bigserial primary key, "album_id" integer, "genre_id" integer, "media_type_id" integer, "name" character varying NOT NULL, "composer" character varying, "milliseconds" integer NOT NULL, "bytes" integer, "unit_price" decimal(10,2), "created_at" timestamp, "updated_at" timestamp)[0m
  [1m[35m (1.0ms)[0m  [1m[34mSELECT "schema_migrations"."version" FROM "schema_migrations" ORDER BY "schema_migrations"."version" ASC[0m
  [1m[36mActiveRecord::InternalMetadata Load (0.3ms)[0m  [1m[34mSELECT  "ar_internal_metadata".* FROM "ar_internal_metadata" WHERE "ar_internal_metadata"."key" = $1 LIMIT $2[0m  [["key", "environment"], ["LIMIT", 1]]
  [1m[35m (0.2ms)[0m  [1m[35mBEGIN[0m
  [1m[35m (0.1ms)[0m  [1m[35mCOMMIT[0m
  [1m[36mActiveRecord::InternalMetadata Load (0.3ms)[0m  [1m[34mSELECT  "ar_internal_metadata".* FROM "ar_internal_metadata" WHERE "ar_internal_metadata"."key" = $1 LIMIT $2[0m  [["key", "environment"], ["LIMIT", 1]]
  [1m[35m (0.1ms)[0m  [1m[35mBEGIN[0m
  [1m[35m (0.1ms)[0m  [1m[35mCOMMIT[0m
  [1m[35mSQL (1.4ms)[0m  [1m[35mCREATE EXTENSION IF NOT EXISTS "plpgsql"[0m
  [1m[35m (18.0ms)[0m  [1m[35mDROP TABLE IF EXISTS "albums" CASCADE[0m
  [1m[35m (19.6ms)[0m  [1m[35mCREATE TABLE "albums" ("id" bigserial primary key, "artist_id" integer, "title" character varying, "created_at" timestamp, "updated_at" timestamp)[0m
  [1m[35m (2.5ms)[0m  [1m[35mDROP TABLE IF EXISTS "artists" CASCADE[0m
  [1m[35m (4.9ms)[0m  [1m[35mCREATE TABLE "artists" ("id" bigserial primary key, "name" character varying, "created_at" timestamp, "updated_at" timestamp, "media_types_id" bigint, "track_id" bigint)[0m
  [1m[35m (1.2ms)[0m  [1m[35mCREATE  INDEX  "index_artists_on_media_types_id" ON "artists"  ("media_types_id")[0m
  [1m[35m (1.5ms)[0m  [1m[35mCREATE  INDEX  "index_artists_on_track_id" ON "artists"  ("track_id")[0m
  [1m[35m (2.6ms)[0m  [1m[35mDROP TABLE IF EXISTS "genres" CASCADE[0m
  [1m[35m (3.8ms)[0m  [1m[35mCREATE TABLE "genres" ("id" bigserial primary key, "name" character varying, "created_at" timestamp, "updated_at" timestamp)[0m
  [1m[35m (2.6ms)[0m  [1m[35mDROP TABLE IF EXISTS "media_types" CASCADE[0m
  [1m[35m (4.2ms)[0m  [1m[35mCREATE TABLE "media_types" ("id" bigserial primary key, "name" character varying, "created_at" timestamp, "updated_at" timestamp)[0m
  [1m[35m (2.2ms)[0m  [1m[35mDROP TABLE IF EXISTS "playlists" CASCADE[0m
  [1m[35m (4.2ms)[0m  [1m[35mCREATE TABLE "playlists" ("id" bigserial primary key, "name" character varying, "created_at" timestamp, "updated_at" timestamp)[0m
  [1m[35m (1.7ms)[0m  [1m[35mDROP TABLE IF EXISTS "playlists_tracks" CASCADE[0m
  [1m[35m (4.1ms)[0m  [1m[35mCREATE TABLE "playlists_tracks" ("id" bigserial primary key, "playlist_id" integer, "track_id" integer)[0m
  [1m[35m (2.2ms)[0m  [1m[35mDROP TABLE IF EXISTS "tracks" CASCADE[0m
  [1m[35m (5.8ms)[0m  [1m[35mCREATE TABLE "tracks" ("id" bigserial primary key, "album_id" integer, "genre_id" integer, "media_type_id" integer, "name" character varying NOT NULL, "composer" character varying, "milliseconds" integer NOT NULL, "bytes" integer, "unit_price" decimal(10,2), "created_at" timestamp, "updated_at" timestamp)[0m
  [1m[35m (2.8ms)[0m  [1m[34mSELECT "schema_migrations"."version" FROM "schema_migrations" ORDER BY "schema_migrations"."version" ASC[0m
  [1m[35m (0.6ms)[0m  [1m[32mINSERT INTO "schema_migrations" (version) VALUES (20170807172405)[0m
  [1m[36mActiveRecord::InternalMetadata Load (1.3ms)[0m  [1m[34mSELECT  "ar_internal_metadata".* FROM "ar_internal_metadata" WHERE "ar_internal_metadata"."key" = $1 LIMIT $2[0m  [["key", "environment"], ["LIMIT", 1]]
  [1m[35m (0.1ms)[0m  [1m[35mBEGIN[0m
  [1m[35m (0.2ms)[0m  [1m[35mCOMMIT[0m
  [1m[36mActiveRecord::InternalMetadata Load (0.3ms)[0m  [1m[34mSELECT  "ar_internal_metadata".* FROM "ar_internal_metadata" WHERE "ar_internal_metadata"."key" = $1 LIMIT $2[0m  [["key", "environment"], ["LIMIT", 1]]
  [1m[35m (0.1ms)[0m  [1m[35mBEGIN[0m
  [1m[35m (0.1ms)[0m  [1m[35mCOMMIT[0m
  [1m[35m (1.1ms)[0m  [1m[34mSELECT "schema_migrations"."version" FROM "schema_migrations" ORDER BY "schema_migrations"."version" ASC[0m
  [1m[35m (0.2ms)[0m  [1m[34mSELECT pg_try_advisory_lock(1434522066555925830);[0m
  [1m[35m (0.6ms)[0m  [1m[34mSELECT "schema_migrations"."version" FROM "schema_migrations" ORDER BY "schema_migrations"."version" ASC[0m
Migrating to RemoveColumnArtist (20170807173139)
  [1m[35m (0.1ms)[0m  [1m[35mBEGIN[0m
  [1m[35m (0.8ms)[0m  [1m[35mALTER TABLE "artists" DROP "media_types_id"[0m
  [1m[35m (0.4ms)[0m  [1m[35mALTER TABLE "artists" DROP "tracks_id"[0m
  [1m[35m (0.1ms)[0m  [1m[31mROLLBACK[0m
  [1m[35m (0.2ms)[0m  [1m[34mSELECT pg_advisory_unlock(1434522066555925830)[0m
  [1m[35m (0.2ms)[0m  [1m[34mSELECT pg_try_advisory_lock(1434522066555925830);[0m
  [1m[35m (0.6ms)[0m  [1m[34mSELECT "schema_migrations"."version" FROM "schema_migrations" ORDER BY "schema_migrations"."version" ASC[0m
Migrating to RemoveColumnArtist (20170807173139)
  [1m[35m (0.1ms)[0m  [1m[35mBEGIN[0m
  [1m[35m (0.9ms)[0m  [1m[35mALTER TABLE "artists" DROP "media_types_id"[0m
  [1m[35m (0.5ms)[0m  [1m[35mALTER TABLE "artists" DROP "tracks_id"[0m
  [1m[35m (0.1ms)[0m  [1m[31mROLLBACK[0m
  [1m[35m (0.2ms)[0m  [1m[34mSELECT pg_advisory_unlock(1434522066555925830)[0m
  [1m[35m (0.7ms)[0m  [1m[34mSELECT "schema_migrations"."version" FROM "schema_migrations" ORDER BY "schema_migrations"."version" ASC[0m
  [1m[35m (0.2ms)[0m  [1m[34mSELECT pg_try_advisory_lock(1434522066555925830);[0m
  [1m[35m (0.8ms)[0m  [1m[34mSELECT "schema_migrations"."version" FROM "schema_migrations" ORDER BY "schema_migrations"."version" ASC[0m
Migrating to RemoveColumnArtist (20170807173139)
  [1m[35m (0.1ms)[0m  [1m[35mBEGIN[0m
  [1m[35m (1.1ms)[0m  [1m[35mALTER TABLE "artists" DROP "media_types_id"[0m
  [1m[35m (0.5ms)[0m  [1m[35mALTER TABLE "artists" DROP "tracks_id"[0m
  [1m[35m (0.1ms)[0m  [1m[31mROLLBACK[0m
  [1m[35m (0.2ms)[0m  [1m[34mSELECT pg_advisory_unlock(1434522066555925830)[0m
  [1m[36mPlaylist Load (0.3ms)[0m  [1m[34mSELECT  "playlists".* FROM "playlists" ORDER BY "playlists"."id" DESC LIMIT $1[0m  [["LIMIT", 1]]
  [1m[36mArtist Load (0.6ms)[0m  [1m[34mSELECT  "artists".* FROM "artists" ORDER BY "artists"."id" DESC LIMIT $1[0m  [["LIMIT", 1]]
  [1m[36mArtist Load (0.6ms)[0m  [1m[34mSELECT  "artists".* FROM "artists" ORDER BY "artists"."id" DESC LIMIT $1[0m  [["LIMIT", 1]]
  [1m[36mArtist Load (0.4ms)[0m  [1m[34mSELECT  "artists".* FROM "artists" ORDER BY "artists"."id" DESC LIMIT $1[0m  [["LIMIT", 1]]
  [1m[36mArtist Load (0.7ms)[0m  [1m[34mSELECT  "artists".* FROM "artists" ORDER BY "artists"."id" DESC LIMIT $1[0m  [["LIMIT", 1]]
  [1m[35m (0.2ms)[0m  [1m[34mSELECT pg_try_advisory_lock(1434522066555925830);[0m
  [1m[35m (0.6ms)[0m  [1m[34mSELECT "schema_migrations"."version" FROM "schema_migrations" ORDER BY "schema_migrations"."version" ASC[0m
Migrating to RemoveColumnArtist (20170807173139)
  [1m[35m (0.1ms)[0m  [1m[35mBEGIN[0m
  [1m[35m (1.0ms)[0m  [1m[35mALTER TABLE "artists" DROP "media_types_id"[0m
  [1m[35m (0.5ms)[0m  [1m[35mALTER TABLE "artists" DROP "tracks_id"[0m
  [1m[35m (0.1ms)[0m  [1m[31mROLLBACK[0m
  [1m[35m (0.2ms)[0m  [1m[34mSELECT pg_advisory_unlock(1434522066555925830)[0m
  [1m[35m (0.2ms)[0m  [1m[34mSELECT pg_try_advisory_lock(1434522066555925830);[0m
  [1m[35m (0.7ms)[0m  [1m[34mSELECT "schema_migrations"."version" FROM "schema_migrations" ORDER BY "schema_migrations"."version" ASC[0m
Migrating to RemoveColumnArtist (20170807173139)
  [1m[35m (0.2ms)[0m  [1m[35mBEGIN[0m
  [1m[35m (1.0ms)[0m  [1m[35mALTER TABLE "artists" DROP "media_types_id"[0m
  [1m[35m (0.5ms)[0m  [1m[35mALTER TABLE "artists" DROP "tracks_id"[0m
  [1m[35m (0.1ms)[0m  [1m[31mROLLBACK[0m
  [1m[35m (0.2ms)[0m  [1m[34mSELECT pg_advisory_unlock(1434522066555925830)[0m
  [1m[36mArtist Load (0.4ms)[0m  [1m[34mSELECT  "artists".* FROM "artists" ORDER BY "artists"."id" DESC LIMIT $1[0m  [["LIMIT", 1]]
  [1m[36mArtist Load (0.7ms)[0m  [1m[34mSELECT  "artists".* FROM "artists" ORDER BY "artists"."id" DESC LIMIT $1[0m  [["LIMIT", 1]]
  [1m[36mPlaylist Load (0.3ms)[0m  [1m[34mSELECT  "playlists".* FROM "playlists" ORDER BY "playlists"."id" DESC LIMIT $1[0m  [["LIMIT", 1]]
  [1m[36mAlbum Load (0.5ms)[0m  [1m[34mSELECT  "albums".* FROM "albums" ORDER BY "albums"."id" DESC LIMIT $1[0m  [["LIMIT", 1]]
  [1m[36mArtist Load (0.4ms)[0m  [1m[34mSELECT  "artists".* FROM "artists" LIMIT $1[0m  [["LIMIT", 11]]
  [1m[36mPlaylist Load (0.3ms)[0m  [1m[34mSELECT  "playlists".* FROM "playlists" LIMIT $1[0m  [["LIMIT", 11]]
  [1m[35m (0.8ms)[0m  [1m[34mSELECT "schema_migrations"."version" FROM "schema_migrations" ORDER BY "schema_migrations"."version" ASC[0m
  [1m[35m (0.4ms)[0m  [1m[34mSELECT "ar_internal_metadata"."value" FROM "ar_internal_metadata" WHERE "ar_internal_metadata"."key" = $1[0m  [["key", "environment"]]
  [1m[35m (0.2ms)[0m  [1m[34mSELECT "schema_migrations"."version" FROM "schema_migrations" ORDER BY "schema_migrations"."version" ASC[0m
  [1m[35m (0.2ms)[0m  [1m[34mSELECT "ar_internal_metadata"."value" FROM "ar_internal_metadata" WHERE "ar_internal_metadata"."key" = $1[0m  [["key", "environment"]]
  [1m[35m (0.4ms)[0m  [1m[34mSELECT "schema_migrations"."version" FROM "schema_migrations" ORDER BY "schema_migrations"."version" ASC[0m
  [1m[35m (0.3ms)[0m  [1m[34mSELECT "ar_internal_metadata"."value" FROM "ar_internal_metadata" WHERE "ar_internal_metadata"."key" = $1[0m  [["key", "environment"]]
  [1m[35mSQL (0.3ms)[0m  [1m[35mCREATE EXTENSION IF NOT EXISTS "plpgsql"[0m
  [1m[35m (4.8ms)[0m  [1m[35mDROP TABLE IF EXISTS "albums" CASCADE[0m
  [1m[35m (5.9ms)[0m  [1m[35mCREATE TABLE "albums" ("id" bigserial primary key, "artist_id" integer, "title" character varying, "created_at" timestamp, "updated_at" timestamp)[0m
  [1m[35m (2.6ms)[0m  [1m[35mDROP TABLE IF EXISTS "artists" CASCADE[0m
  [1m[35m (4.0ms)[0m  [1m[35mCREATE TABLE "artists" ("id" bigserial primary key, "name" character varying, "created_at" timestamp, "updated_at" timestamp, "media_types_id" bigint, "track_id" bigint)[0m
  [1m[35m (1.1ms)[0m  [1m[35mCREATE  INDEX  "index_artists_on_media_types_id" ON "artists"  ("media_types_id")[0m
  [1m[35m (1.5ms)[0m  [1m[35mCREATE  INDEX  "index_artists_on_track_id" ON "artists"  ("track_id")[0m
  [1m[35m (2.2ms)[0m  [1m[35mDROP TABLE IF EXISTS "genres" CASCADE[0m
  [1m[35m (4.6ms)[0m  [1m[35mCREATE TABLE "genres" ("id" bigserial primary key, "name" character varying, "created_at" timestamp, "updated_at" timestamp)[0m
  [1m[35m (2.5ms)[0m  [1m[35mDROP TABLE IF EXISTS "media_types" CASCADE[0m
  [1m[35m (4.7ms)[0m  [1m[35mCREATE TABLE "media_types" ("id" bigserial primary key, "name" character varying, "created_at" timestamp, "updated_at" timestamp)[0m
  [1m[35m (2.0ms)[0m  [1m[35mDROP TABLE IF EXISTS "playlists" CASCADE[0m
  [1m[35m (3.9ms)[0m  [1m[35mCREATE TABLE "playlists" ("id" bigserial primary key, "name" character varying, "created_at" timestamp, "updated_at" timestamp)[0m
  [1m[35m (1.8ms)[0m  [1m[35mDROP TABLE IF EXISTS "playlists_tracks" CASCADE[0m
  [1m[35m (3.8ms)[0m  [1m[35mCREATE TABLE "playlists_tracks" ("id" bigserial primary key, "playlist_id" integer, "track_id" integer)[0m
  [1m[35m (3.1ms)[0m  [1m[35mDROP TABLE IF EXISTS "tracks" CASCADE[0m
  [1m[35m (4.8ms)[0m  [1m[35mCREATE TABLE "tracks" ("id" bigserial primary key, "album_id" integer, "genre_id" integer, "media_type_id" integer, "name" character varying NOT NULL, "composer" character varying, "milliseconds" integer NOT NULL, "bytes" integer, "unit_price" decimal(10,2), "created_at" timestamp, "updated_at" timestamp)[0m
  [1m[35m (0.6ms)[0m  [1m[34mSELECT "schema_migrations"."version" FROM "schema_migrations" ORDER BY "schema_migrations"."version" ASC[0m
  [1m[36mActiveRecord::InternalMetadata Load (0.3ms)[0m  [1m[34mSELECT  "ar_internal_metadata".* FROM "ar_internal_metadata" WHERE "ar_internal_metadata"."key" = $1 LIMIT $2[0m  [["key", "environment"], ["LIMIT", 1]]
  [1m[35m (0.2ms)[0m  [1m[35mBEGIN[0m
  [1m[35m (0.1ms)[0m  [1m[35mCOMMIT[0m
  [1m[36mActiveRecord::InternalMetadata Load (0.3ms)[0m  [1m[34mSELECT  "ar_internal_metadata".* FROM "ar_internal_metadata" WHERE "ar_internal_metadata"."key" = $1 LIMIT $2[0m  [["key", "environment"], ["LIMIT", 1]]
  [1m[35m (0.1ms)[0m  [1m[35mBEGIN[0m
  [1m[35m (0.1ms)[0m  [1m[35mCOMMIT[0m
  [1m[35mSQL (0.3ms)[0m  [1m[35mCREATE EXTENSION IF NOT EXISTS "plpgsql"[0m
  [1m[35m (2.8ms)[0m  [1m[35mDROP TABLE IF EXISTS "albums" CASCADE[0m
  [1m[35m (5.1ms)[0m  [1m[35mCREATE TABLE "albums" ("id" bigserial primary key, "artist_id" integer, "title" character varying, "created_at" timestamp, "updated_at" timestamp)[0m
  [1m[35m (2.5ms)[0m  [1m[35mDROP TABLE IF EXISTS "artists" CASCADE[0m
  [1m[35m (4.3ms)[0m  [1m[35mCREATE TABLE "artists" ("id" bigserial primary key, "name" character varying, "created_at" timestamp, "updated_at" timestamp, "media_types_id" bigint, "track_id" bigint)[0m
  [1m[35m (1.3ms)[0m  [1m[35mCREATE  INDEX  "index_artists_on_media_types_id" ON "artists"  ("media_types_id")[0m
  [1m[35m (1.3ms)[0m  [1m[35mCREATE  INDEX  "index_artists_on_track_id" ON "artists"  ("track_id")[0m
  [1m[35m (2.9ms)[0m  [1m[35mDROP TABLE IF EXISTS "genres" CASCADE[0m
  [1m[35m (6.5ms)[0m  [1m[35mCREATE TABLE "genres" ("id" bigserial primary key, "name" character varying, "created_at" timestamp, "updated_at" timestamp)[0m
  [1m[35m (3.9ms)[0m  [1m[35mDROP TABLE IF EXISTS "media_types" CASCADE[0m
  [1m[35m (4.6ms)[0m  [1m[35mCREATE TABLE "media_types" ("id" bigserial primary key, "name" character varying, "created_at" timestamp, "updated_at" timestamp)[0m
  [1m[35m (2.3ms)[0m  [1m[35mDROP TABLE IF EXISTS "playlists" CASCADE[0m
  [1m[35m (4.4ms)[0m  [1m[35mCREATE TABLE "playlists" ("id" bigserial primary key, "name" character varying, "created_at" timestamp, "updated_at" timestamp)[0m
  [1m[35m (1.7ms)[0m  [1m[35mDROP TABLE IF EXISTS "playlists_tracks" CASCADE[0m
  [1m[35m (3.0ms)[0m  [1m[35mCREATE TABLE "playlists_tracks" ("id" bigserial primary key, "playlist_id" integer, "track_id" integer)[0m
  [1m[35m (2.3ms)[0m  [1m[35mDROP TABLE IF EXISTS "tracks" CASCADE[0m
  [1m[35m (4.6ms)[0m  [1m[35mCREATE TABLE "tracks" ("id" bigserial primary key, "album_id" integer, "genre_id" integer, "media_type_id" integer, "name" character varying NOT NULL, "composer" character varying, "milliseconds" integer NOT NULL, "bytes" integer, "unit_price" decimal(10,2), "created_at" timestamp, "updated_at" timestamp)[0m
  [1m[35m (0.7ms)[0m  [1m[34mSELECT "schema_migrations"."version" FROM "schema_migrations" ORDER BY "schema_migrations"."version" ASC[0m
  [1m[36mActiveRecord::InternalMetadata Load (0.4ms)[0m  [1m[34mSELECT  "ar_internal_metadata".* FROM "ar_internal_metadata" WHERE "ar_internal_metadata"."key" = $1 LIMIT $2[0m  [["key", "environment"], ["LIMIT", 1]]
  [1m[35m (0.1ms)[0m  [1m[35mBEGIN[0m
  [1m[35m (0.1ms)[0m  [1m[35mCOMMIT[0m
  [1m[36mActiveRecord::InternalMetadata Load (0.3ms)[0m  [1m[34mSELECT  "ar_internal_metadata".* FROM "ar_internal_metadata" WHERE "ar_internal_metadata"."key" = $1 LIMIT $2[0m  [["key", "environment"], ["LIMIT", 1]]
  [1m[35m (0.1ms)[0m  [1m[35mBEGIN[0m
  [1m[35m (0.1ms)[0m  [1m[35mCOMMIT[0m
  [1m[35m (0.7ms)[0m  [1m[34mSELECT "schema_migrations"."version" FROM "schema_migrations" ORDER BY "schema_migrations"."version" ASC[0m
  [1m[36mArtist Load (0.5ms)[0m  [1m[34mSELECT  "artists".* FROM "artists" LIMIT $1[0m  [["LIMIT", 11]]
  [1m[36mArtist Exists (0.5ms)[0m  [1m[34mSELECT  1 AS one FROM "artists" LIMIT $1[0m  [["LIMIT", 1]]
  [1m[36mArtist Load (0.8ms)[0m  [1m[34mSELECT "artists".* FROM "artists"[0m
  [1m[36mArtist Load (0.6ms)[0m  [1m[34mSELECT  "artists".* FROM "artists" ORDER BY "artists"."id" DESC LIMIT $1[0m  [["LIMIT", 1]]
  [1m[36mTrack Exists (1.6ms)[0m  [1m[34mSELECT  1 AS one FROM "tracks" INNER JOIN "albums" ON "tracks"."album_id" = "albums"."id" WHERE "albums"."artist_id" = $1 LIMIT $2[0m  [["artist_id", 275], ["LIMIT", 1]]
  [1m[36mTrack Load (1.4ms)[0m  [1m[34mSELECT "tracks".* FROM "tracks" INNER JOIN "albums" ON "tracks"."album_id" = "albums"."id" WHERE "albums"."artist_id" = $1[0m  [["artist_id", 275]]
  [1m[35m (0.2ms)[0m  [1m[34mSELECT pg_try_advisory_lock(1434522066555925830);[0m
  [1m[35m (0.6ms)[0m  [1m[34mSELECT "schema_migrations"."version" FROM "schema_migrations" ORDER BY "schema_migrations"."version" ASC[0m
Migrating to RemoveColumnArtist (20170807173139)
  [1m[35m (0.1ms)[0m  [1m[35mBEGIN[0m
  [1m[35m (1.0ms)[0m  [1m[35mALTER TABLE "artists" DROP "media_types_id"[0m
  [1m[35m (0.4ms)[0m  [1m[35mALTER TABLE "artists" DROP "tracks_id"[0m
  [1m[35m (0.1ms)[0m  [1m[31mROLLBACK[0m
  [1m[35m (0.2ms)[0m  [1m[34mSELECT pg_advisory_unlock(1434522066555925830)[0m
  [1m[36mMediaType Load (0.5ms)[0m  [1m[34mSELECT  "media_types".* FROM "media_types" ORDER BY "media_types"."id" DESC LIMIT $1[0m  [["LIMIT", 1]]
  [1m[36mMediaType Exists (0.6ms)[0m  [1m[34mSELECT  1 AS one FROM "media_types" LIMIT $1[0m  [["LIMIT", 1]]
  [1m[36mMediaType Load (0.3ms)[0m  [1m[34mSELECT "media_types".* FROM "media_types"[0m
  [1m[36mMediaType Load (0.5ms)[0m  [1m[34mSELECT  "media_types".* FROM "media_types" ORDER BY "media_types"."id" DESC LIMIT $1[0m  [["LIMIT", 1]]
  [1m[36mArtist Load (0.6ms)[0m  [1m[34mSELECT  "artists".* FROM "artists" ORDER BY "artists"."id" DESC LIMIT $1[0m  [["LIMIT", 1]]
  [1m[36mTrack Exists (1.4ms)[0m  [1m[34mSELECT  1 AS one FROM "tracks" INNER JOIN "albums" ON "tracks"."album_id" = "albums"."id" WHERE "albums"."artist_id" = $1 LIMIT $2[0m  [["artist_id", 275], ["LIMIT", 1]]
  [1m[36mTrack Load (1.9ms)[0m  [1m[34mSELECT "tracks".* FROM "tracks" INNER JOIN "albums" ON "tracks"."album_id" = "albums"."id" WHERE "albums"."artist_id" = $1[0m  [["artist_id", 275]]
  [1m[36mPlaylist Load (0.3ms)[0m  [1m[34mSELECT  "playlists".* FROM "playlists" ORDER BY "playlists"."id" DESC LIMIT $1[0m  [["LIMIT", 1]]
  [1m[36mGenre Exists (2.2ms)[0m  [1m[34mSELECT  1 AS one FROM "genres" INNER JOIN "tracks" ON "genres"."id" = "tracks"."genre_id" INNER JOIN "playlists_tracks" ON "tracks"."id" = "playlists_tracks"."track_id" WHERE "playlists_tracks"."playlist_id" = $1 LIMIT $2[0m  [["playlist_id", 18], ["LIMIT", 1]]
  [1m[36mGenre Load (6.0ms)[0m  [1m[34mSELECT "genres".* FROM "genres" INNER JOIN "tracks" ON "genres"."id" = "tracks"."genre_id" INNER JOIN "playlists_tracks" ON "tracks"."id" = "playlists_tracks"."track_id" WHERE "playlists_tracks"."playlist_id" = $1[0m  [["playlist_id", 18]]
  [1m[36mAlbum Load (0.6ms)[0m  [1m[34mSELECT  "albums".* FROM "albums" ORDER BY "albums"."id" DESC LIMIT $1[0m  [["LIMIT", 1]]
  [1m[36mAlbum Load (0.2ms)[0m  [1m[34mSELECT  "albums".* FROM "albums" ORDER BY "albums"."id" DESC LIMIT $1[0m  [["LIMIT", 1]]
  [1m[36mAlbum Load (0.5ms)[0m  [1m[34mSELECT  "albums".* FROM "albums" ORDER BY "albums"."id" DESC LIMIT $1[0m  [["LIMIT", 1]]
  [1m[36mPlaylist Exists (3.8ms)[0m  [1m[34mSELECT  1 AS one FROM "playlists" INNER JOIN "playlists_tracks" ON "playlists"."id" = "playlists_tracks"."playlist_id" INNER JOIN "tracks" ON "playlists_tracks"."track_id" = "tracks"."id" WHERE "tracks"."album_id" = $1 LIMIT $2[0m  [["album_id", 347], ["LIMIT", 1]]
  [1m[36mPlaylist Load (4.8ms)[0m  [1m[34mSELECT "playlists".* FROM "playlists" INNER JOIN "playlists_tracks" ON "playlists"."id" = "playlists_tracks"."playlist_id" INNER JOIN "tracks" ON "playlists_tracks"."track_id" = "tracks"."id" WHERE "tracks"."album_id" = $1[0m  [["album_id", 347]]
  [1m[36mPlaylist Load (0.6ms)[0m  [1m[34mSELECT  "playlists".* FROM "playlists" ORDER BY "playlists"."id" DESC LIMIT $1[0m  [["LIMIT", 1]]
  [1m[36mPlaylist Load (0.4ms)[0m  [1m[34mSELECT  "playlists".* FROM "playlists" ORDER BY "playlists"."id" DESC LIMIT $1[0m  [["LIMIT", 1]]
  [1m[36mMediaType Exists (3.7ms)[0m  [1m[34mSELECT  1 AS one FROM "media_types" INNER JOIN "tracks" ON "media_types"."id" = "tracks"."media_type_id" INNER JOIN "playlists_tracks" ON "tracks"."id" = "playlists_tracks"."track_id" WHERE "playlists_tracks"."playlist_id" = $1 LIMIT $2[0m  [["playlist_id", 18], ["LIMIT", 1]]
  [1m[36mMediaType Load (2.3ms)[0m  [1m[34mSELECT "media_types".* FROM "media_types" INNER JOIN "tracks" ON "media_types"."id" = "tracks"."media_type_id" INNER JOIN "playlists_tracks" ON "tracks"."id" = "playlists_tracks"."track_id" WHERE "playlists_tracks"."playlist_id" = $1[0m  [["playlist_id", 18]]
  [1m[36mArtist Load (0.3ms)[0m  [1m[34mSELECT  "artists".* FROM "artists" ORDER BY "artists"."id" DESC LIMIT $1[0m  [["LIMIT", 1]]
  [1m[36mMediaType Exists (1.3ms)[0m  [1m[34mSELECT  1 AS one FROM "media_types" INNER JOIN "tracks" ON "media_types"."id" = "tracks"."media_type_id" INNER JOIN "albums" ON "tracks"."album_id" = "albums"."id" WHERE "albums"."artist_id" = $1 LIMIT $2[0m  [["artist_id", 275], ["LIMIT", 1]]
  [1m[36mMediaType Load (1.4ms)[0m  [1m[34mSELECT "media_types".* FROM "media_types" INNER JOIN "tracks" ON "media_types"."id" = "tracks"."media_type_id" INNER JOIN "albums" ON "tracks"."album_id" = "albums"."id" WHERE "albums"."artist_id" = $1[0m  [["artist_id", 275]]
